<?xml version="1.0" encoding="UTF-8"?>
<!-- Generated by org.testng.reporters.JUnitReportReporter -->
<testsuite hostname="DESKTOP-BKASB7R" failures="0" tests="2" name="testprojectSDK.testngdemo" time="1.939" errors="0" timestamp="2022-05-10T14:48:11 IST" skipped="0">
  <testcase classname="testprojectSDK.testngdemo" name="test1" time="1.936"/>
  <system-out/>
  <testcase classname="testprojectSDK.testngdemo" name="test2" time="0.003"/>
  <system-out/>
</testsuite> <!-- testprojectSDK.testngdemo -->
